E:\CODE\作业2\十六进制转十进制\DEBUG\MAIN.OBJ
E:\CODE\作业2\十六进制转十进制\DEBUG\VC110.PDB
E:\CODE\作业2\DEBUG\十六进制转十进制.ILK
E:\CODE\作业2\DEBUG\十六进制转十进制.EXE
E:\CODE\作业2\DEBUG\十六进制转十进制.PDB
E:\Code\作业2\十六进制转十进制\Debug\main.obj
E:\Code\作业2\十六进制转十进制\Debug\cl.command.1.tlog
E:\Code\作业2\十六进制转十进制\Debug\CL.read.1.tlog
E:\Code\作业2\十六进制转十进制\Debug\CL.write.1.tlog
E:\Code\作业2\十六进制转十进制\Debug\link-cvtres.read.1.tlog
E:\Code\作业2\十六进制转十进制\Debug\link-cvtres.write.1.tlog
E:\Code\作业2\十六进制转十进制\Debug\link-rc.read.1.tlog
E:\Code\作业2\十六进制转十进制\Debug\link-rc.write.1.tlog
E:\Code\作业2\十六进制转十进制\Debug\link.command.1.tlog
E:\Code\作业2\十六进制转十进制\Debug\link.read.1.tlog
E:\Code\作业2\十六进制转十进制\Debug\link.write.1.tlog
E:\Code\作业2\十六进制转十进制\Debug\vc110.idb
E:\Code\作业2\十六进制转十进制\Debug\vc110.pdb
E:\Code\作业2\Debug\十六进制转十进制.pdb
E:\Code\作业2\Debug\十六进制转十进制.exe
E:\Code\作业2\Debug\十六进制转十进制.ilk
