E:\CODE\作业2\二进制1的个数\DEBUG\MAIN.OBJ
E:\CODE\作业2\二进制1的个数\DEBUG\VC110.PDB
E:\CODE\作业2\DEBUG\二进制1的个数.ILK
E:\CODE\作业2\DEBUG\二进制1的个数.EXE
E:\CODE\作业2\DEBUG\二进制1的个数.PDB
E:\Code\作业2\二进制1的个数\Debug\main.obj
E:\Code\作业2\二进制1的个数\Debug\cl.command.1.tlog
E:\Code\作业2\二进制1的个数\Debug\CL.read.1.tlog
E:\Code\作业2\二进制1的个数\Debug\CL.write.1.tlog
E:\Code\作业2\二进制1的个数\Debug\link-cvtres.read.1.tlog
E:\Code\作业2\二进制1的个数\Debug\link-cvtres.write.1.tlog
E:\Code\作业2\二进制1的个数\Debug\link-rc.read.1.tlog
E:\Code\作业2\二进制1的个数\Debug\link-rc.write.1.tlog
E:\Code\作业2\二进制1的个数\Debug\link.command.1.tlog
E:\Code\作业2\二进制1的个数\Debug\link.read.1.tlog
E:\Code\作业2\二进制1的个数\Debug\link.write.1.tlog
E:\Code\作业2\二进制1的个数\Debug\vc110.idb
E:\Code\作业2\二进制1的个数\Debug\vc110.pdb
E:\Code\作业2\Debug\二进制1的个数.pdb
E:\Code\作业2\Debug\二进制1的个数.exe
E:\Code\作业2\Debug\二进制1的个数.ilk
