E:\CODE\算法笔记\B1001（A+B）\DEBUG\MAIN.OBJ
E:\CODE\算法笔记\B1001（A+B）\DEBUG\VC110.PDB
E:\CODE\算法笔记\DEBUG\B1001（A+B）.ILK
E:\CODE\算法笔记\DEBUG\B1001（A+B）.EXE
E:\CODE\算法笔记\DEBUG\B1001（A+B）.PDB
E:\Code\算法笔记\B1001（A+B）\Debug\main.obj
E:\Code\算法笔记\B1001（A+B）\Debug\cl.command.1.tlog
E:\Code\算法笔记\B1001（A+B）\Debug\CL.read.1.tlog
E:\Code\算法笔记\B1001（A+B）\Debug\CL.write.1.tlog
E:\Code\算法笔记\B1001（A+B）\Debug\link-cvtres.read.1.tlog
E:\Code\算法笔记\B1001（A+B）\Debug\link-cvtres.write.1.tlog
E:\Code\算法笔记\B1001（A+B）\Debug\link-rc.read.1.tlog
E:\Code\算法笔记\B1001（A+B）\Debug\link-rc.write.1.tlog
E:\Code\算法笔记\B1001（A+B）\Debug\link.command.1.tlog
E:\Code\算法笔记\B1001（A+B）\Debug\link.read.1.tlog
E:\Code\算法笔记\B1001（A+B）\Debug\link.write.1.tlog
E:\Code\算法笔记\B1001（A+B）\Debug\vc110.idb
E:\Code\算法笔记\B1001（A+B）\Debug\vc110.pdb
E:\Code\算法笔记\Debug\B1001（A+B）.pdb
E:\Code\算法笔记\Debug\B1001（A+B）.exe
E:\Code\算法笔记\Debug\B1001（A+B）.ilk
