E:\CODE\作业2\统计字符类型\DEBUG\MAIN.OBJ
E:\CODE\作业2\统计字符类型\DEBUG\VC110.PDB
E:\CODE\作业2\DEBUG\统计字符类型.ILK
E:\CODE\作业2\DEBUG\统计字符类型.EXE
E:\CODE\作业2\DEBUG\统计字符类型.PDB
E:\Code\作业2\统计字符类型\Debug\main.obj
E:\Code\作业2\统计字符类型\Debug\cl.command.1.tlog
E:\Code\作业2\统计字符类型\Debug\CL.read.1.tlog
E:\Code\作业2\统计字符类型\Debug\CL.write.1.tlog
E:\Code\作业2\统计字符类型\Debug\link-cvtres.read.1.tlog
E:\Code\作业2\统计字符类型\Debug\link-cvtres.write.1.tlog
E:\Code\作业2\统计字符类型\Debug\link-rc.read.1.tlog
E:\Code\作业2\统计字符类型\Debug\link-rc.write.1.tlog
E:\Code\作业2\统计字符类型\Debug\link.command.1.tlog
E:\Code\作业2\统计字符类型\Debug\link.read.1.tlog
E:\Code\作业2\统计字符类型\Debug\link.write.1.tlog
E:\Code\作业2\统计字符类型\Debug\vc110.idb
E:\Code\作业2\统计字符类型\Debug\vc110.pdb
E:\Code\作业2\Debug\统计字符类型.pdb
E:\Code\作业2\Debug\统计字符类型.exe
E:\Code\作业2\Debug\统计字符类型.ilk
