E:\CODE\作业2\十进制转十六进制\DEBUG\MAIN.OBJ
E:\CODE\作业2\十进制转十六进制\DEBUG\VC110.PDB
E:\CODE\作业2\DEBUG\十进制转十六进制.ILK
E:\CODE\作业2\DEBUG\十进制转十六进制.EXE
E:\CODE\作业2\DEBUG\十进制转十六进制.PDB
E:\Code\作业2\十进制转十六进制\Debug\main.obj
E:\Code\作业2\十进制转十六进制\Debug\cl.command.1.tlog
E:\Code\作业2\十进制转十六进制\Debug\CL.read.1.tlog
E:\Code\作业2\十进制转十六进制\Debug\CL.write.1.tlog
E:\Code\作业2\十进制转十六进制\Debug\link-cvtres.read.1.tlog
E:\Code\作业2\十进制转十六进制\Debug\link-cvtres.write.1.tlog
E:\Code\作业2\十进制转十六进制\Debug\link-rc.read.1.tlog
E:\Code\作业2\十进制转十六进制\Debug\link-rc.write.1.tlog
E:\Code\作业2\十进制转十六进制\Debug\link.command.1.tlog
E:\Code\作业2\十进制转十六进制\Debug\link.read.1.tlog
E:\Code\作业2\十进制转十六进制\Debug\link.write.1.tlog
E:\Code\作业2\十进制转十六进制\Debug\vc110.idb
E:\Code\作业2\十进制转十六进制\Debug\vc110.pdb
E:\Code\作业2\Debug\十进制转十六进制.pdb
E:\Code\作业2\Debug\十进制转十六进制.exe
E:\Code\作业2\Debug\十进制转十六进制.ilk
