E:\CODE\算法笔记\B1001（3N+1）\B1001（3N+1）\DEBUG\MAIN.OBJ
E:\CODE\算法笔记\B1001（3N+1）\B1001（3N+1）\DEBUG\VC110.PDB
E:\CODE\算法笔记\DEBUG\B1001（3N+1）.ILK
E:\CODE\算法笔记\DEBUG\B1001（3N+1）.EXE
E:\CODE\算法笔记\DEBUG\B1001（3N+1）.PDB
E:\Code\算法笔记\B1001（3n+1）\B1001（3n+1）\Debug\main.obj
E:\Code\算法笔记\B1001（3n+1）\B1001（3n+1）\Debug\cl.command.1.tlog
E:\Code\算法笔记\B1001（3n+1）\B1001（3n+1）\Debug\CL.read.1.tlog
E:\Code\算法笔记\B1001（3n+1）\B1001（3n+1）\Debug\CL.write.1.tlog
E:\Code\算法笔记\B1001（3n+1）\B1001（3n+1）\Debug\link-cvtres.read.1.tlog
E:\Code\算法笔记\B1001（3n+1）\B1001（3n+1）\Debug\link-cvtres.write.1.tlog
E:\Code\算法笔记\B1001（3n+1）\B1001（3n+1）\Debug\link-rc.read.1.tlog
E:\Code\算法笔记\B1001（3n+1）\B1001（3n+1）\Debug\link-rc.write.1.tlog
E:\Code\算法笔记\B1001（3n+1）\B1001（3n+1）\Debug\link.command.1.tlog
E:\Code\算法笔记\B1001（3n+1）\B1001（3n+1）\Debug\link.read.1.tlog
E:\Code\算法笔记\B1001（3n+1）\B1001（3n+1）\Debug\link.write.1.tlog
E:\Code\算法笔记\B1001（3n+1）\B1001（3n+1）\Debug\vc110.idb
E:\Code\算法笔记\B1001（3n+1）\B1001（3n+1）\Debug\vc110.pdb
E:\Code\算法笔记\Debug\B1001（3n+1）.pdb
E:\Code\算法笔记\Debug\B1001（3n+1）.exe
E:\Code\算法笔记\Debug\B1001（3n+1）.ilk
