E:\CODE\作业2\进制转换\DEBUG\MAIN.OBJ
E:\CODE\作业2\进制转换\DEBUG\VC110.PDB
E:\CODE\作业2\DEBUG\进制转换.ILK
E:\CODE\作业2\DEBUG\进制转换.EXE
E:\CODE\作业2\DEBUG\进制转换.PDB
E:\Code\作业2\进制转换\Debug\main.obj
E:\Code\作业2\进制转换\Debug\cl.command.1.tlog
E:\Code\作业2\进制转换\Debug\CL.read.1.tlog
E:\Code\作业2\进制转换\Debug\CL.write.1.tlog
E:\Code\作业2\进制转换\Debug\link-cvtres.read.1.tlog
E:\Code\作业2\进制转换\Debug\link-cvtres.write.1.tlog
E:\Code\作业2\进制转换\Debug\link-rc.read.1.tlog
E:\Code\作业2\进制转换\Debug\link-rc.write.1.tlog
E:\Code\作业2\进制转换\Debug\link.command.1.tlog
E:\Code\作业2\进制转换\Debug\link.read.1.tlog
E:\Code\作业2\进制转换\Debug\link.write.1.tlog
E:\Code\作业2\进制转换\Debug\vc110.idb
E:\Code\作业2\进制转换\Debug\vc110.pdb
E:\Code\作业2\Debug\进制转换.pdb
E:\Code\作业2\Debug\进制转换.exe
E:\Code\作业2\Debug\进制转换.ilk
