E:\CODE\作业1\九九乘法表\九九乘法表\DEBUG\MAIN.OBJ
E:\CODE\作业1\九九乘法表\九九乘法表\DEBUG\VC110.PDB
E:\CODE\作业1\九九乘法表\DEBUG\九九乘法表.ILK
E:\CODE\作业1\九九乘法表\DEBUG\九九乘法表.EXE
E:\CODE\作业1\九九乘法表\DEBUG\九九乘法表.PDB
E:\Code\作业1\九九乘法表\九九乘法表\Debug\main.obj
E:\Code\作业1\九九乘法表\九九乘法表\Debug\cl.command.1.tlog
E:\Code\作业1\九九乘法表\九九乘法表\Debug\CL.read.1.tlog
E:\Code\作业1\九九乘法表\九九乘法表\Debug\CL.write.1.tlog
E:\Code\作业1\九九乘法表\九九乘法表\Debug\link-cvtres.read.1.tlog
E:\Code\作业1\九九乘法表\九九乘法表\Debug\link-cvtres.write.1.tlog
E:\Code\作业1\九九乘法表\九九乘法表\Debug\link-rc.read.1.tlog
E:\Code\作业1\九九乘法表\九九乘法表\Debug\link-rc.write.1.tlog
E:\Code\作业1\九九乘法表\九九乘法表\Debug\link.command.1.tlog
E:\Code\作业1\九九乘法表\九九乘法表\Debug\link.read.1.tlog
E:\Code\作业1\九九乘法表\九九乘法表\Debug\link.write.1.tlog
E:\Code\作业1\九九乘法表\九九乘法表\Debug\vc110.idb
E:\Code\作业1\九九乘法表\九九乘法表\Debug\vc110.pdb
E:\Code\作业1\九九乘法表\Debug\九九乘法表.pdb
E:\Code\作业1\九九乘法表\Debug\九九乘法表.exe
E:\Code\作业1\九九乘法表\Debug\九九乘法表.ilk
