E:\CODE\作业2\101整数取1次元素\DEBUG\MAIN.OBJ
E:\CODE\作业2\101整数取1次元素\DEBUG\VC110.PDB
E:\CODE\作业2\DEBUG\101整数取1次元素.ILK
E:\CODE\作业2\DEBUG\101整数取1次元素.EXE
E:\CODE\作业2\DEBUG\101整数取1次元素.PDB
E:\Code\作业2\101整数取1次元素\Debug\main.obj
E:\Code\作业2\101整数取1次元素\Debug\cl.command.1.tlog
E:\Code\作业2\101整数取1次元素\Debug\CL.read.1.tlog
E:\Code\作业2\101整数取1次元素\Debug\CL.write.1.tlog
E:\Code\作业2\101整数取1次元素\Debug\link-cvtres.read.1.tlog
E:\Code\作业2\101整数取1次元素\Debug\link-cvtres.write.1.tlog
E:\Code\作业2\101整数取1次元素\Debug\link-rc.read.1.tlog
E:\Code\作业2\101整数取1次元素\Debug\link-rc.write.1.tlog
E:\Code\作业2\101整数取1次元素\Debug\link.command.1.tlog
E:\Code\作业2\101整数取1次元素\Debug\link.read.1.tlog
E:\Code\作业2\101整数取1次元素\Debug\link.write.1.tlog
E:\Code\作业2\101整数取1次元素\Debug\vc110.idb
E:\Code\作业2\101整数取1次元素\Debug\vc110.pdb
E:\Code\作业2\Debug\101整数取1次元素.pdb
E:\Code\作业2\Debug\101整数取1次元素.exe
E:\Code\作业2\Debug\101整数取1次元素.ilk
